0 info it worked if it ends with ok
1 verbose cli [ 'C:\\Program Files\\nodejs\\node.exe',
1 verbose cli   'C:\\Program Files\\nodejs\\node_modules\\npm\\bin\\npm-cli.js',
1 verbose cli   'install',
1 verbose cli   'bootstrap@4.0.0-beta.2',
1 verbose cli   '--save' ]
2 info using npm@3.10.10
3 info using node@v6.9.5
4 silly loadCurrentTree Starting
5 silly install loadCurrentTree
6 silly install readLocalPackageData
7 silly fetchPackageMetaData bootstrap@4.0.0-beta.2
8 silly fetchNamedPackageData bootstrap
9 silly mapToRegistry name bootstrap
10 silly mapToRegistry using default registry
11 silly mapToRegistry registry http://registry.npmjs.org/
12 silly mapToRegistry data Result {
12 silly mapToRegistry   raw: 'bootstrap',
12 silly mapToRegistry   scope: null,
12 silly mapToRegistry   escapedName: 'bootstrap',
12 silly mapToRegistry   name: 'bootstrap',
12 silly mapToRegistry   rawSpec: '',
12 silly mapToRegistry   spec: 'latest',
12 silly mapToRegistry   type: 'tag' }
13 silly mapToRegistry uri http://registry.npmjs.org/bootstrap
14 verbose request uri http://registry.npmjs.org/bootstrap
15 verbose request no auth needed
16 info attempt registry request try #1 at 11:59:54 PM
17 verbose request id e89009bf91276f23
18 http request GET http://registry.npmjs.org/bootstrap
19 info retry will retry, error on last attempt: Error: connect ETIMEDOUT 10.97.32.18:8080
20 info attempt registry request try #2 at 12:00:25 AM
21 http request GET http://registry.npmjs.org/bootstrap
22 info retry will retry, error on last attempt: Error: connect ETIMEDOUT 10.97.32.18:8080
23 info attempt registry request try #3 at 12:01:46 AM
24 http request GET http://registry.npmjs.org/bootstrap
25 silly fetchPackageMetaData Error: connect ETIMEDOUT 10.97.32.18:8080
25 silly fetchPackageMetaData     at Object.exports._errnoException (util.js:1022:11)
25 silly fetchPackageMetaData     at exports._exceptionWithHostPort (util.js:1045:20)
25 silly fetchPackageMetaData     at TCPConnectWrap.afterConnect [as oncomplete] (net.js:1087:14)
25 silly fetchPackageMetaData  error for bootstrap@4.0.0-beta.2 { Error: connect ETIMEDOUT 10.97.32.18:8080
25 silly fetchPackageMetaData     at Object.exports._errnoException (util.js:1022:11)
25 silly fetchPackageMetaData     at exports._exceptionWithHostPort (util.js:1045:20)
25 silly fetchPackageMetaData     at TCPConnectWrap.afterConnect [as oncomplete] (net.js:1087:14)
25 silly fetchPackageMetaData   code: 'ETIMEDOUT',
25 silly fetchPackageMetaData   errno: 'ETIMEDOUT',
25 silly fetchPackageMetaData   syscall: 'connect',
25 silly fetchPackageMetaData   address: '10.97.32.18',
25 silly fetchPackageMetaData   port: 8080 }
26 silly rollbackFailedOptional Starting
27 silly rollbackFailedOptional Finishing
28 silly runTopLevelLifecycles Finishing
29 silly install printInstalled
30 verbose stack Error: connect ETIMEDOUT 10.97.32.18:8080
30 verbose stack     at Object.exports._errnoException (util.js:1022:11)
30 verbose stack     at exports._exceptionWithHostPort (util.js:1045:20)
30 verbose stack     at TCPConnectWrap.afterConnect [as oncomplete] (net.js:1087:14)
31 verbose cwd D:\db-cheque-collection-process
32 error Windows_NT 6.1.7601
33 error argv "C:\\Program Files\\nodejs\\node.exe" "C:\\Program Files\\nodejs\\node_modules\\npm\\bin\\npm-cli.js" "install" "bootstrap@4.0.0-beta.2" "--save"
34 error node v6.9.5
35 error npm  v3.10.10
36 error code ETIMEDOUT
37 error errno ETIMEDOUT
38 error syscall connect
39 error network connect ETIMEDOUT 10.97.32.18:8080
40 error network This is most likely not a problem with npm itself
40 error network and is related to network connectivity.
40 error network In most cases you are behind a proxy or have bad network settings.
40 error network
40 error network If you are behind a proxy, please make sure that the
40 error network 'proxy' config is set properly.  See: 'npm help config'
41 verbose exit [ 1, true ]
